{"meta": {"format": 3, "version": "7.13.0", "timestamp": "2025-12-12T14:06:19.046034", "branch_coverage": true, "show_contexts": false}, "files": {"src/diff_utility/__init__.py": {"executed_lines": [1, 8, 10, 19, 21], "summary": {"covered_lines": 4, "num_statements": 4, "percent_covered": 100.0, "percent_covered_display": "100.00", "missing_lines": 0, "excluded_lines": 0, "percent_statements_covered": 100.0, "percent_statements_covered_display": "100.00", "num_branches": 0, "num_partial_branches": 0, "covered_branches": 0, "missing_branches": 0, "percent_branches_covered": 100.0, "percent_branches_covered_display": "100.00"}, "missing_lines": [], "excluded_lines": [], "executed_branches": [], "missing_branches": [], "functions": {"": {"executed_lines": [1, 8, 10, 19, 21], "summary": {"covered_lines": 4, "num_statements": 4, "percent_covered": 100.0, "percent_covered_display": "100.00", "missing_lines": 0, "excluded_lines": 0, "percent_statements_covered": 100.0, "percent_statements_covered_display": "100.00", "num_branches": 0, "num_partial_branches": 0, "covered_branches": 0, "missing_branches": 0, "percent_branches_covered": 100.0, "percent_branches_covered_display": "100.00"}, "missing_lines": [], "excluded_lines": [], "executed_branches": [], "missing_branches": []}}, "classes": {"": {"executed_lines": [1, 8, 10, 19, 21], "summary": {"covered_lines": 4, "num_statements": 4, "percent_covered": 100.0, "percent_covered_display": "100.00", "missing_lines": 0, "excluded_lines": 0, "percent_statements_covered": 100.0, "percent_statements_covered_display": "100.00", "num_branches": 0, "num_partial_branches": 0, "covered_branches": 0, "missing_branches": 0, "percent_branches_covered": 100.0, "percent_branches_covered_display": "100.00"}, "missing_lines": [], "excluded_lines": [], "executed_branches": [], "missing_branches": []}}}, "src/diff_utility/cli.py": {"executed_lines": [1, 3, 5, 6, 7, 9, 12, 19, 20, 22, 28, 34, 40, 48, 55, 62, 70, 73, 74, 75, 78, 79, 80, 81, 82, 83, 85, 86, 87, 89, 90, 91, 93, 94, 95, 97, 100, 101, 102, 104, 106, 108, 109, 110, 116], "summary": {"covered_lines": 43, "num_statements": 46, "percent_covered": 94.82758620689656, "percent_covered_display": "94.83", "missing_lines": 3, "excluded_lines": 2, "percent_statements_covered": 93.47826086956522, "percent_statements_covered_display": "93.48", "num_branches": 12, "num_partial_branches": 0, "covered_branches": 12, "missing_branches": 0, "percent_branches_covered": 100.0, "percent_branches_covered_display": "100.00"}, "missing_lines": [111, 112, 113], "excluded_lines": [116, 117], "executed_branches": [[19, 20], [19, 22], [78, 79], [78, 81], [81, 82], [81, 85], [89, 90], [89, 93], [93, 94], [93, 97], [100, 101], [100, 104]], "missing_branches": [], "functions": {"main": {"executed_lines": [19, 20, 22, 28, 34, 40, 48, 55, 62, 70, 73, 74, 75, 78, 79, 80, 81, 82, 83, 85, 86, 87, 89, 90, 91, 93, 94, 95, 97, 100, 101, 102, 104, 106, 108, 109, 110], "summary": {"covered_lines": 37, "num_statements": 40, "percent_covered": 94.23076923076923, "percent_covered_display": "94.23", "missing_lines": 3, "excluded_lines": 0, "percent_statements_covered": 92.5, "percent_statements_covered_display": "92.50", "num_branches": 12, "num_partial_branches": 0, "covered_branches": 12, "missing_branches": 0, "percent_branches_covered": 100.0, "percent_branches_covered_display": "100.00"}, "missing_lines": [111, 112, 113], "excluded_lines": [], "executed_branches": [[19, 20], [19, 22], [78, 79], [78, 81], [81, 82], [81, 85], [89, 90], [89, 93], [93, 94], [93, 97], [100, 101], [100, 104]], "missing_branches": []}, "": {"executed_lines": [1, 3, 5, 6, 7, 9, 12, 116], "summary": {"covered_lines": 6, "num_statements": 6, "percent_covered": 100.0, "percent_covered_display": "100.00", "missing_lines": 0, "excluded_lines": 2, "percent_statements_covered": 100.0, "percent_statements_covered_display": "100.00", "num_branches": 0, "num_partial_branches": 0, "covered_branches": 0, "missing_branches": 0, "percent_branches_covered": 100.0, "percent_branches_covered_display": "100.00"}, "missing_lines": [], "excluded_lines": [116, 117], "executed_branches": [], "missing_branches": []}}, "classes": {"": {"executed_lines": [1, 3, 5, 6, 7, 9, 12, 19, 20, 22, 28, 34, 40, 48, 55, 62, 70, 73, 74, 75, 78, 79, 80, 81, 82, 83, 85, 86, 87, 89, 90, 91, 93, 94, 95, 97, 100, 101, 102, 104, 106, 108, 109, 110, 116], "summary": {"covered_lines": 43, "num_statements": 46, "percent_covered": 94.82758620689656, "percent_covered_display": "94.83", "missing_lines": 3, "excluded_lines": 2, "percent_statements_covered": 93.47826086956522, "percent_statements_covered_display": "93.48", "num_branches": 12, "num_partial_branches": 0, "covered_branches": 12, "missing_branches": 0, "percent_branches_covered": 100.0, "percent_branches_covered_display": "100.00"}, "missing_lines": [111, 112, 113], "excluded_lines": [116, 117], "executed_branches": [[19, 20], [19, 22], [78, 79], [78, 81], [81, 82], [81, 85], [89, 90], [89, 93], [93, 94], [93, 97], [100, 101], [100, 104]], "missing_branches": []}}}, "src/diff_utility/diff.py": {"executed_lines": [1, 7, 9, 10, 11, 14, 31, 32, 33, 34, 35, 36, 43, 64, 67, 80, 83, 86, 101, 104, 124, 125, 127, 128, 130, 131, 133, 134, 138, 142, 144, 145, 146, 147, 149, 152, 172, 175, 176, 177, 179, 180, 182, 183, 194, 205, 208, 209, 210, 211, 212, 213, 214, 215, 216, 219, 229, 240, 243, 258, 259, 261, 262], "summary": {"covered_lines": 62, "num_statements": 102, "percent_covered": 58.21917808219178, "percent_covered_display": "58.22", "missing_lines": 40, "excluded_lines": 0, "percent_statements_covered": 60.78431372549019, "percent_statements_covered_display": "60.78", "num_branches": 44, "num_partial_branches": 9, "covered_branches": 23, "missing_branches": 21, "percent_branches_covered": 52.27272727272727, "percent_branches_covered_display": "52.27"}, "missing_lines": [37, 39, 40, 77, 136, 137, 140, 141, 185, 186, 187, 188, 189, 190, 192, 193, 196, 197, 198, 199, 200, 201, 203, 204, 221, 222, 223, 224, 225, 226, 227, 228, 231, 232, 233, 234, 235, 236, 237, 238], "excluded_lines": [], "executed_branches": [[32, 33], [130, 131], [130, 149], [131, 133], [131, 134], [134, 138], [138, 142], [142, 144], [144, 145], [144, 146], [146, 130], [146, 147], [179, 180], [179, 240], [180, 182], [180, 183], [183, 194], [194, 205], [205, 208], [208, 209], [208, 219], [219, 229], [229, 179]], "missing_branches": [[32, 39], [134, 136], [136, 130], [136, 137], [138, 140], [140, 130], [140, 141], [142, 130], [183, 185], [185, 179], [185, 186], [194, 196], [196, 179], [196, 197], [205, 179], [219, 221], [221, 179], [221, 222], [229, 231], [231, 179], [231, 232]], "functions": {"read_lines": {"executed_lines": [31, 32, 33, 34, 35, 36], "summary": {"covered_lines": 6, "num_statements": 9, "percent_covered": 63.63636363636363, "percent_covered_display": "63.64", "missing_lines": 3, "excluded_lines": 0, "percent_statements_covered": 66.66666666666667, "percent_statements_covered_display": "66.67", "num_branches": 2, "num_partial_branches": 1, "covered_branches": 1, "missing_branches": 1, "percent_branches_covered": 50.0, "percent_branches_covered_display": "50.00"}, "missing_lines": [37, 39, 40], "excluded_lines": [], "executed_branches": [[32, 33]], "missing_branches": [[32, 39]]}, "normalize_line": {"executed_lines": [64], "summary": {"covered_lines": 1, "num_statements": 1, "percent_covered": 100.0, "percent_covered_display": "100.00", "missing_lines": 0, "excluded_lines": 0, "percent_statements_covered": 100.0, "percent_statements_covered_display": "100.00", "num_branches": 0, "num_partial_branches": 0, "covered_branches": 0, "missing_branches": 0, "percent_branches_covered": 100.0, "percent_branches_covered_display": "100.00"}, "missing_lines": [], "excluded_lines": [], "executed_branches": [], "missing_branches": []}, "lines_equal_norm": {"executed_lines": [], "summary": {"covered_lines": 0, "num_statements": 1, "percent_covered": 0.0, "percent_covered_display": "0.00", "missing_lines": 1, "excluded_lines": 0, "percent_statements_covered": 0.0, "percent_statements_covered_display": "0.00", "num_branches": 0, "num_partial_branches": 0, "covered_branches": 0, "missing_branches": 0, "percent_branches_covered": 100.0, "percent_branches_covered_display": "100.00"}, "missing_lines": [77], "excluded_lines": [], "executed_branches": [], "missing_branches": []}, "_format_file_line": {"executed_lines": [83], "summary": {"covered_lines": 1, "num_statements": 1, "percent_covered": 100.0, "percent_covered_display": "100.00", "missing_lines": 0, "excluded_lines": 0, "percent_statements_covered": 100.0, "percent_statements_covered_display": "100.00", "num_branches": 0, "num_partial_branches": 0, "covered_branches": 0, "missing_branches": 0, "percent_branches_covered": 100.0, "percent_branches_covered_display": "100.00"}, "missing_lines": [], "excluded_lines": [], "executed_branches": [], "missing_branches": []}, "_tokenize": {"executed_lines": [101], "summary": {"covered_lines": 1, "num_statements": 1, "percent_covered": 100.0, "percent_covered_display": "100.00", "missing_lines": 0, "excluded_lines": 0, "percent_statements_covered": 100.0, "percent_statements_covered_display": "100.00", "num_branches": 0, "num_partial_branches": 0, "covered_branches": 0, "missing_branches": 0, "percent_branches_covered": 100.0, "percent_branches_covered_display": "100.00"}, "missing_lines": [], "excluded_lines": [], "executed_branches": [], "missing_branches": []}, "annotate_changes": {"executed_lines": [124, 125, 127, 128, 130, 131, 133, 134, 138, 142, 144, 145, 146, 147, 149], "summary": {"covered_lines": 15, "num_statements": 19, "percent_covered": 70.27027027027027, "percent_covered_display": "70.27", "missing_lines": 4, "excluded_lines": 0, "percent_statements_covered": 78.94736842105263, "percent_statements_covered_display": "78.95", "num_branches": 18, "num_partial_branches": 3, "covered_branches": 11, "missing_branches": 7, "percent_branches_covered": 61.111111111111114, "percent_branches_covered_display": "61.11"}, "missing_lines": [136, 137, 140, 141], "excluded_lines": [], "executed_branches": [[130, 131], [130, 149], [131, 133], [131, 134], [134, 138], [138, 142], [142, 144], [144, 145], [144, 146], [146, 130], [146, 147]], "missing_branches": [[134, 136], [136, 130], [136, 137], [138, 140], [140, 130], [140, 141], [142, 130]]}, "diff_lines": {"executed_lines": [172, 175, 176, 177, 179, 180, 182, 183, 194, 205, 208, 209, 210, 211, 212, 213, 214, 215, 216, 219, 229, 240], "summary": {"covered_lines": 22, "num_statements": 54, "percent_covered": 42.30769230769231, "percent_covered_display": "42.31", "missing_lines": 32, "excluded_lines": 0, "percent_statements_covered": 40.74074074074074, "percent_statements_covered_display": "40.74", "num_branches": 24, "num_partial_branches": 5, "covered_branches": 11, "missing_branches": 13, "percent_branches_covered": 45.833333333333336, "percent_branches_covered_display": "45.83"}, "missing_lines": [185, 186, 187, 188, 189, 190, 192, 193, 196, 197, 198, 199, 200, 201, 203, 204, 221, 222, 223, 224, 225, 226, 227, 228, 231, 232, 233, 234, 235, 236, 237, 238], "excluded_lines": [], "executed_branches": [[179, 180], [179, 240], [180, 182], [180, 183], [183, 194], [194, 205], [205, 208], [208, 209], [208, 219], [219, 229], [229, 179]], "missing_branches": [[183, 185], [185, 179], [185, 186], [194, 196], [196, 179], [196, 197], [205, 179], [219, 221], [221, 179], [221, 222], [229, 231], [231, 179], [231, 232]]}, "diff_files": {"executed_lines": [258, 259, 261, 262], "summary": {"covered_lines": 4, "num_statements": 4, "percent_covered": 100.0, "percent_covered_display": "100.00", "missing_lines": 0, "excluded_lines": 0, "percent_statements_covered": 100.0, "percent_statements_covered_display": "100.00", "num_branches": 0, "num_partial_branches": 0, "covered_branches": 0, "missing_branches": 0, "percent_branches_covered": 100.0, "percent_branches_covered_display": "100.00"}, "missing_lines": [], "excluded_lines": [], "executed_branches": [], "missing_branches": []}, "": {"executed_lines": [1, 7, 9, 10, 11, 14, 43, 67, 80, 86, 104, 152, 243], "summary": {"covered_lines": 12, "num_statements": 12, "percent_covered": 100.0, "percent_covered_display": "100.00", "missing_lines": 0, "excluded_lines": 0, "percent_statements_covered": 100.0, "percent_statements_covered_display": "100.00", "num_branches": 0, "num_partial_branches": 0, "covered_branches": 0, "missing_branches": 0, "percent_branches_covered": 100.0, "percent_branches_covered_display": "100.00"}, "missing_lines": [], "excluded_lines": [], "executed_branches": [], "missing_branches": []}}, "classes": {"": {"executed_lines": [1, 7, 9, 10, 11, 14, 31, 32, 33, 34, 35, 36, 43, 64, 67, 80, 83, 86, 101, 104, 124, 125, 127, 128, 130, 131, 133, 134, 138, 142, 144, 145, 146, 147, 149, 152, 172, 175, 176, 177, 179, 180, 182, 183, 194, 205, 208, 209, 210, 211, 212, 213, 214, 215, 216, 219, 229, 240, 243, 258, 259, 261, 262], "summary": {"covered_lines": 62, "num_statements": 102, "percent_covered": 58.21917808219178, "percent_covered_display": "58.22", "missing_lines": 40, "excluded_lines": 0, "percent_statements_covered": 60.78431372549019, "percent_statements_covered_display": "60.78", "num_branches": 44, "num_partial_branches": 9, "covered_branches": 23, "missing_branches": 21, "percent_branches_covered": 52.27272727272727, "percent_branches_covered_display": "52.27"}, "missing_lines": [37, 39, 40, 77, 136, 137, 140, 141, 185, 186, 187, 188, 189, 190, 192, 193, 196, 197, 198, 199, 200, 201, 203, 204, 221, 222, 223, 224, 225, 226, 227, 228, 231, 232, 233, 234, 235, 236, 237, 238], "excluded_lines": [], "executed_branches": [[32, 33], [130, 131], [130, 149], [131, 133], [131, 134], [134, 138], [138, 142], [142, 144], [144, 145], [144, 146], [146, 130], [146, 147], [179, 180], [179, 240], [180, 182], [180, 183], [183, 194], [194, 205], [205, 208], [208, 209], [208, 219], [219, 229], [229, 179]], "missing_branches": [[32, 39], [134, 136], [136, 130], [136, 137], [138, 140], [140, 130], [140, 141], [142, 130], [183, 185], [185, 179], [185, 186], [194, 196], [196, 179], [196, 197], [205, 179], [219, 221], [221, 179], [221, 222], [229, 231], [231, 179], [231, 232]]}}}}, "totals": {"covered_lines": 109, "num_statements": 152, "percent_covered": 69.23076923076923, "percent_covered_display": "69.23", "missing_lines": 43, "excluded_lines": 2, "percent_statements_covered": 71.71052631578948, "percent_statements_covered_display": "71.71", "num_branches": 56, "num_partial_branches": 9, "covered_branches": 35, "missing_branches": 21, "percent_branches_covered": 62.5, "percent_branches_covered_display": "62.50"}}