{"meta": {"format": 3, "version": "7.12.0", "timestamp": "2025-12-12T20:24:29.906299", "branch_coverage": true, "show_contexts": false}, "files": {"src\\diff_utility\\__init__.py": {"executed_lines": [1, 8, 10, 19, 21], "summary": {"covered_lines": 4, "num_statements": 4, "percent_covered": 100.0, "percent_covered_display": "100.00", "missing_lines": 0, "excluded_lines": 0, "percent_statements_covered": 100.0, "percent_statements_covered_display": "100.00", "num_branches": 0, "num_partial_branches": 0, "covered_branches": 0, "missing_branches": 0, "percent_branches_covered": 100.0, "percent_branches_covered_display": "100.00"}, "missing_lines": [], "excluded_lines": [], "executed_branches": [], "missing_branches": [], "functions": {"": {"executed_lines": [1, 8, 10, 19, 21], "summary": {"covered_lines": 4, "num_statements": 4, "percent_covered": 100.0, "percent_covered_display": "100.00", "missing_lines": 0, "excluded_lines": 0, "percent_statements_covered": 100.0, "percent_statements_covered_display": "100.00", "num_branches": 0, "num_partial_branches": 0, "covered_branches": 0, "missing_branches": 0, "percent_branches_covered": 100.0, "percent_branches_covered_display": "100.00"}, "missing_lines": [], "excluded_lines": [], "executed_branches": [], "missing_branches": []}}, "classes": {"": {"executed_lines": [1, 8, 10, 19, 21], "summary": {"covered_lines": 4, "num_statements": 4, "percent_covered": 100.0, "percent_covered_display": "100.00", "missing_lines": 0, "excluded_lines": 0, "percent_statements_covered": 100.0, "percent_statements_covered_display": "100.00", "num_branches": 0, "num_partial_branches": 0, "covered_branches": 0, "missing_branches": 0, "percent_branches_covered": 100.0, "percent_branches_covered_display": "100.00"}, "missing_lines": [], "excluded_lines": [], "executed_branches": [], "missing_branches": []}}}, "src\\diff_utility\\cli.py": {"executed_lines": [1, 3, 5, 6, 7, 9, 10, 13, 20, 21, 22, 24, 30, 38, 44, 50, 58, 65, 72, 80, 83, 84, 85, 88, 89, 90, 91, 92, 93, 95, 96, 97, 99, 100, 101, 103, 104, 105, 107, 110, 111, 112, 114, 116, 118, 119, 120, 126], "summary": {"covered_lines": 46, "num_statements": 49, "percent_covered": 95.08196721311475, "percent_covered_display": "95.08", "missing_lines": 3, "excluded_lines": 2, "percent_statements_covered": 93.87755102040816, "percent_statements_covered_display": "93.88", "num_branches": 12, "num_partial_branches": 0, "covered_branches": 12, "missing_branches": 0, "percent_branches_covered": 100.0, "percent_branches_covered_display": "100.00"}, "missing_lines": [121, 122, 123], "excluded_lines": [126, 127], "executed_branches": [[21, 22], [21, 24], [88, 89], [88, 91], [91, 92], [91, 95], [99, 100], [99, 103], [103, 104], [103, 107], [110, 111], [110, 114]], "missing_branches": [], "functions": {"main": {"executed_lines": [20, 21, 22, 24, 30, 38, 44, 50, 58, 65, 72, 80, 83, 84, 85, 88, 89, 90, 91, 92, 93, 95, 96, 97, 99, 100, 101, 103, 104, 105, 107, 110, 111, 112, 114, 116, 118, 119, 120], "summary": {"covered_lines": 39, "num_statements": 42, "percent_covered": 94.44444444444444, "percent_covered_display": "94.44", "missing_lines": 3, "excluded_lines": 0, "percent_statements_covered": 92.85714285714286, "percent_statements_covered_display": "92.86", "num_branches": 12, "num_partial_branches": 0, "covered_branches": 12, "missing_branches": 0, "percent_branches_covered": 100.0, "percent_branches_covered_display": "100.00"}, "missing_lines": [121, 122, 123], "excluded_lines": [], "executed_branches": [[21, 22], [21, 24], [88, 89], [88, 91], [91, 92], [91, 95], [99, 100], [99, 103], [103, 104], [103, 107], [110, 111], [110, 114]], "missing_branches": []}, "": {"executed_lines": [1, 3, 5, 6, 7, 9, 10, 13, 126], "summary": {"covered_lines": 7, "num_statements": 7, "percent_covered": 100.0, "percent_covered_display": "100.00", "missing_lines": 0, "excluded_lines": 2, "percent_statements_covered": 100.0, "percent_statements_covered_display": "100.00", "num_branches": 0, "num_partial_branches": 0, "covered_branches": 0, "missing_branches": 0, "percent_branches_covered": 100.0, "percent_branches_covered_display": "100.00"}, "missing_lines": [], "excluded_lines": [126, 127], "executed_branches": [], "missing_branches": []}}, "classes": {"": {"executed_lines": [1, 3, 5, 6, 7, 9, 10, 13, 20, 21, 22, 24, 30, 38, 44, 50, 58, 65, 72, 80, 83, 84, 85, 88, 89, 90, 91, 92, 93, 95, 96, 97, 99, 100, 101, 103, 104, 105, 107, 110, 111, 112, 114, 116, 118, 119, 120, 126], "summary": {"covered_lines": 46, "num_statements": 49, "percent_covered": 95.08196721311475, "percent_covered_display": "95.08", "missing_lines": 3, "excluded_lines": 2, "percent_statements_covered": 93.87755102040816, "percent_statements_covered_display": "93.88", "num_branches": 12, "num_partial_branches": 0, "covered_branches": 12, "missing_branches": 0, "percent_branches_covered": 100.0, "percent_branches_covered_display": "100.00"}, "missing_lines": [121, 122, 123], "excluded_lines": [126, 127], "executed_branches": [[21, 22], [21, 24], [88, 89], [88, 91], [91, 92], [91, 95], [99, 100], [99, 103], [103, 104], [103, 107], [110, 111], [110, 114]], "missing_branches": []}}}, "src\\diff_utility\\diff.py": {"executed_lines": [1, 7, 9, 10, 11, 14, 31, 33, 34, 35, 36, 37, 38, 46, 67, 70, 80, 83, 86, 89, 104, 107, 127, 128, 130, 131, 133, 134, 136, 137, 139, 140, 141, 143, 144, 145, 147, 148, 149, 150, 152, 155, 175, 178, 179, 180, 182, 183, 185, 186, 188, 189, 190, 191, 192, 193, 195, 196, 197, 199, 200, 201, 202, 203, 204, 206, 207, 208, 211, 212, 213, 214, 215, 216, 217, 218, 219, 222, 224, 225, 226, 227, 228, 229, 230, 231, 232, 234, 235, 236, 237, 238, 239, 240, 241, 243, 246, 261, 262, 264, 265], "summary": {"covered_lines": 100, "num_statements": 102, "percent_covered": 96.57534246575342, "percent_covered_display": "96.58", "missing_lines": 2, "excluded_lines": 0, "percent_statements_covered": 98.03921568627452, "percent_statements_covered_display": "98.04", "num_branches": 44, "num_partial_branches": 3, "covered_branches": 41, "missing_branches": 3, "percent_branches_covered": 93.18181818181819, "percent_branches_covered_display": "93.18"}, "missing_lines": [42, 43], "excluded_lines": [], "executed_branches": [[33, 34], [133, 134], [133, 152], [134, 136], [134, 137], [137, 139], [137, 141], [139, 133], [139, 140], [141, 143], [141, 145], [143, 133], [143, 144], [145, 147], [147, 148], [147, 149], [149, 133], [149, 150], [182, 183], [182, 243], [183, 185], [183, 186], [186, 188], [186, 197], [188, 182], [188, 189], [197, 199], [197, 208], [199, 182], [199, 200], [208, 211], [211, 212], [211, 222], [222, 224], [222, 232], [224, 182], [224, 225], [232, 182], [232, 234], [234, 182], [234, 235]], "missing_branches": [[33, 42], [145, 133], [208, 182]], "functions": {"read_lines": {"executed_lines": [31, 33, 34, 35, 36, 37, 38], "summary": {"covered_lines": 7, "num_statements": 9, "percent_covered": 72.72727272727273, "percent_covered_display": "72.73", "missing_lines": 2, "excluded_lines": 0, "percent_statements_covered": 77.77777777777777, "percent_statements_covered_display": "77.78", "num_branches": 2, "num_partial_branches": 1, "covered_branches": 1, "missing_branches": 1, "percent_branches_covered": 50.0, "percent_branches_covered_display": "50.00"}, "missing_lines": [42, 43], "excluded_lines": [], "executed_branches": [[33, 34]], "missing_branches": [[33, 42]]}, "normalize_line": {"executed_lines": [67], "summary": {"covered_lines": 1, "num_statements": 1, "percent_covered": 100.0, "percent_covered_display": "100.00", "missing_lines": 0, "excluded_lines": 0, "percent_statements_covered": 100.0, "percent_statements_covered_display": "100.00", "num_branches": 0, "num_partial_branches": 0, "covered_branches": 0, "missing_branches": 0, "percent_branches_covered": 100.0, "percent_branches_covered_display": "100.00"}, "missing_lines": [], "excluded_lines": [], "executed_branches": [], "missing_branches": []}, "lines_equal_norm": {"executed_lines": [80], "summary": {"covered_lines": 1, "num_statements": 1, "percent_covered": 100.0, "percent_covered_display": "100.00", "missing_lines": 0, "excluded_lines": 0, "percent_statements_covered": 100.0, "percent_statements_covered_display": "100.00", "num_branches": 0, "num_partial_branches": 0, "covered_branches": 0, "missing_branches": 0, "percent_branches_covered": 100.0, "percent_branches_covered_display": "100.00"}, "missing_lines": [], "excluded_lines": [], "executed_branches": [], "missing_branches": []}, "_format_file_line": {"executed_lines": [86], "summary": {"covered_lines": 1, "num_statements": 1, "percent_covered": 100.0, "percent_covered_display": "100.00", "missing_lines": 0, "excluded_lines": 0, "percent_statements_covered": 100.0, "percent_statements_covered_display": "100.00", "num_branches": 0, "num_partial_branches": 0, "covered_branches": 0, "missing_branches": 0, "percent_branches_covered": 100.0, "percent_branches_covered_display": "100.00"}, "missing_lines": [], "excluded_lines": [], "executed_branches": [], "missing_branches": []}, "_tokenize": {"executed_lines": [104], "summary": {"covered_lines": 1, "num_statements": 1, "percent_covered": 100.0, "percent_covered_display": "100.00", "missing_lines": 0, "excluded_lines": 0, "percent_statements_covered": 100.0, "percent_statements_covered_display": "100.00", "num_branches": 0, "num_partial_branches": 0, "covered_branches": 0, "missing_branches": 0, "percent_branches_covered": 100.0, "percent_branches_covered_display": "100.00"}, "missing_lines": [], "excluded_lines": [], "executed_branches": [], "missing_branches": []}, "annotate_changes": {"executed_lines": [127, 128, 130, 131, 133, 134, 136, 137, 139, 140, 141, 143, 144, 145, 147, 148, 149, 150, 152], "summary": {"covered_lines": 19, "num_statements": 19, "percent_covered": 97.29729729729729, "percent_covered_display": "97.30", "missing_lines": 0, "excluded_lines": 0, "percent_statements_covered": 100.0, "percent_statements_covered_display": "100.00", "num_branches": 18, "num_partial_branches": 1, "covered_branches": 17, "missing_branches": 1, "percent_branches_covered": 94.44444444444444, "percent_branches_covered_display": "94.44"}, "missing_lines": [], "excluded_lines": [], "executed_branches": [[133, 134], [133, 152], [134, 136], [134, 137], [137, 139], [137, 141], [139, 133], [139, 140], [141, 143], [141, 145], [143, 133], [143, 144], [145, 147], [147, 148], [147, 149], [149, 133], [149, 150]], "missing_branches": [[145, 133]]}, "diff_lines": {"executed_lines": [175, 178, 179, 180, 182, 183, 185, 186, 188, 189, 190, 191, 192, 193, 195, 196, 197, 199, 200, 201, 202, 203, 204, 206, 207, 208, 211, 212, 213, 214, 215, 216, 217, 218, 219, 222, 224, 225, 226, 227, 228, 229, 230, 231, 232, 234, 235, 236, 237, 238, 239, 240, 241, 243], "summary": {"covered_lines": 54, "num_statements": 54, "percent_covered": 98.71794871794872, "percent_covered_display": "98.72", "missing_lines": 0, "excluded_lines": 0, "percent_statements_covered": 100.0, "percent_statements_covered_display": "100.00", "num_branches": 24, "num_partial_branches": 1, "covered_branches": 23, "missing_branches": 1, "percent_branches_covered": 95.83333333333333, "percent_branches_covered_display": "95.83"}, "missing_lines": [], "excluded_lines": [], "executed_branches": [[182, 183], [182, 243], [183, 185], [183, 186], [186, 188], [186, 197], [188, 182], [188, 189], [197, 199], [197, 208], [199, 182], [199, 200], [208, 211], [211, 212], [211, 222], [222, 224], [222, 232], [224, 182], [224, 225], [232, 182], [232, 234], [234, 182], [234, 235]], "missing_branches": [[208, 182]]}, "diff_files": {"executed_lines": [261, 262, 264, 265], "summary": {"covered_lines": 4, "num_statements": 4, "percent_covered": 100.0, "percent_covered_display": "100.00", "missing_lines": 0, "excluded_lines": 0, "percent_statements_covered": 100.0, "percent_statements_covered_display": "100.00", "num_branches": 0, "num_partial_branches": 0, "covered_branches": 0, "missing_branches": 0, "percent_branches_covered": 100.0, "percent_branches_covered_display": "100.00"}, "missing_lines": [], "excluded_lines": [], "executed_branches": [], "missing_branches": []}, "": {"executed_lines": [1, 7, 9, 10, 11, 14, 46, 70, 83, 89, 107, 155, 246], "summary": {"covered_lines": 12, "num_statements": 12, "percent_covered": 100.0, "percent_covered_display": "100.00", "missing_lines": 0, "excluded_lines": 0, "percent_statements_covered": 100.0, "percent_statements_covered_display": "100.00", "num_branches": 0, "num_partial_branches": 0, "covered_branches": 0, "missing_branches": 0, "percent_branches_covered": 100.0, "percent_branches_covered_display": "100.00"}, "missing_lines": [], "excluded_lines": [], "executed_branches": [], "missing_branches": []}}, "classes": {"": {"executed_lines": [1, 7, 9, 10, 11, 14, 31, 33, 34, 35, 36, 37, 38, 46, 67, 70, 80, 83, 86, 89, 104, 107, 127, 128, 130, 131, 133, 134, 136, 137, 139, 140, 141, 143, 144, 145, 147, 148, 149, 150, 152, 155, 175, 178, 179, 180, 182, 183, 185, 186, 188, 189, 190, 191, 192, 193, 195, 196, 197, 199, 200, 201, 202, 203, 204, 206, 207, 208, 211, 212, 213, 214, 215, 216, 217, 218, 219, 222, 224, 225, 226, 227, 228, 229, 230, 231, 232, 234, 235, 236, 237, 238, 239, 240, 241, 243, 246, 261, 262, 264, 265], "summary": {"covered_lines": 100, "num_statements": 102, "percent_covered": 96.57534246575342, "percent_covered_display": "96.58", "missing_lines": 2, "excluded_lines": 0, "percent_statements_covered": 98.03921568627452, "percent_statements_covered_display": "98.04", "num_branches": 44, "num_partial_branches": 3, "covered_branches": 41, "missing_branches": 3, "percent_branches_covered": 93.18181818181819, "percent_branches_covered_display": "93.18"}, "missing_lines": [42, 43], "excluded_lines": [], "executed_branches": [[33, 34], [133, 134], [133, 152], [134, 136], [134, 137], [137, 139], [137, 141], [139, 133], [139, 140], [141, 143], [141, 145], [143, 133], [143, 144], [145, 147], [147, 148], [147, 149], [149, 133], [149, 150], [182, 183], [182, 243], [183, 185], [183, 186], [186, 188], [186, 197], [188, 182], [188, 189], [197, 199], [197, 208], [199, 182], [199, 200], [208, 211], [211, 212], [211, 222], [222, 224], [222, 232], [224, 182], [224, 225], [232, 182], [232, 234], [234, 182], [234, 235]], "missing_branches": [[33, 42], [145, 133], [208, 182]]}}}}, "totals": {"covered_lines": 150, "num_statements": 155, "percent_covered": 96.2085308056872, "percent_covered_display": "96.21", "missing_lines": 5, "excluded_lines": 2, "percent_statements_covered": 96.7741935483871, "percent_statements_covered_display": "96.77", "num_branches": 56, "num_partial_branches": 3, "covered_branches": 53, "missing_branches": 3, "percent_branches_covered": 94.64285714285714, "percent_branches_covered_display": "94.64"}}